

T A B L E S   I N   N E S S I E:

+---------+--------------------+-----------+
|namespace|           tableName|isTemporary|
+---------+--------------------+-----------+
|         | bronz_raw_customers|      false|
|         |bronz_raw_fraud_t...|      false|
|         |bronz_raw_transac...|      false|
|         |       months_lookup|      false|
|         |    silver_customers|      false|
|         |silver_fraud_tran...|      false|
|         | silver_transactions|      false|
+---------+--------------------+-----------+



Table: bronz_raw_customers
+----------+---------+--------------------+--------------------+--------------------+----------+--------------------+---------------------+--------------------+
|first_name|last_name|        phone_number|               email|           c_address|birth_date|         customer_id|registration_datetime|         ingested_at|
+----------+---------+--------------------+--------------------+--------------------+----------+--------------------+---------------------+--------------------+
|     Brian|   Wilson|001-341-832-0490x...|Brian.Wilson@hotm...|USCGC Hodges\nFPO...|2015-11-23|d098a36d-520c-42b...| 2021-01-07 14:40:...|2024-08-13 16:19:...|
|     Tammy|    Allen|        363.351.6144|Tammy.Allen@yahoo...|34939 Joseph Ridg...|2008-10-18|923b8c3f-994d-44d...| 2021-09-27 06:22:...|2024-08-13 16:19:...|
|    Nicole|     Cole|   (954)232-5434x374|Nicole.Cole@gmail...|7078 Jennifer Exp...|2021-09-05|c8a8bffa-a245-4e6...| 2020-12-27 20:24:...|2024-08-13 16:19:...|
+----------+---------+--------------------+--------------------+--------------------+----------+--------------------+---------------------+--------------------+



Table: bronz_raw_fraud_tranactions
+--------------------+-------------------+--------------------+
|      transaction_id|         labeled_at|         ingested_at|
+--------------------+-------------------+--------------------+
|6843233b-7cd4-419...|2024-03-15 00:00:00|2024-08-13 15:41:...|
+--------------------+-------------------+--------------------+



Table: bronz_raw_transactions
+--------------------+--------------------+--------------------+------------------+--------------------+--------------------+----------------+--------------------+--------------------+
|      transaction_id|           sender_id|         receiver_id|transaction_amount|transaction_currency|transaction_datetime|transaction_type|transaction_location|           device_id|
+--------------------+--------------------+--------------------+------------------+--------------------+--------------------+----------------+--------------------+--------------------+
|5b8a25c2-7a5c-44a...|c8a8bffa-a245-4e6...|923b8c3f-994d-44d...|              48.0|                 USD|2024-08-06 10:30:...|        purchase|           Tanyaberg|0825d41e-8eda-48d...|
|599c0e34-ec56-416...|c8a8bffa-a245-4e6...|5e1e3bbf-0112-4d3...|              56.0|                 USD|2024-03-22 04:35:...|        transfer|        New Ryanland|6e15539a-0fb0-420...|
|db28d7c8-a356-4e9...|0bf8cc01-2caa-49d...|c8a8bffa-a245-4e6...|              19.0|                 USD|2024-04-26 09:48:...|        transfer|       Andersonmouth|29107b02-6097-4c6...|
|90e9ebec-52ee-4a7...|d098a36d-520c-42b...|c8a8bffa-a245-4e6...|              61.0|                 USD|2024-05-01 04:18:...|        purchase|       Lake Danielle|f7d3042b-bb35-4b0...|
|c63949fb-004c-4e1...|923b8c3f-994d-44d...|c8a8bffa-a245-4e6...|              15.0|                 USD|2024-03-10 05:24:...|        transfer|         Lesliemouth|a8101eb0-56de-4e1...|
+--------------------+--------------------+--------------------+------------------+--------------------+--------------------+----------------+--------------------+--------------------+



Table: months_lookup
+---+----------+
| id|month_name|
+---+----------+
|  1|       Jan|
|  2|       Feb|
|  3|       Mar|
|  4|       Apr|
|  5|       May|
|  6|       Jun|
|  7|       Jul|
|  8|       Aug|
|  9|       Sep|
| 10|       Oct|
| 11|       Nov|
| 12|       Dec|
+---+----------+



Table: silver_customers
+--------------------+----------+---------+--------------------+--------------------+--------------------+----------+---------------------+-----------------+------------------+--------------------+
|         customer_id|first_name|last_name|        phone_number|               email|    customer_address|birth_date|registration_datetime|registration_year|registration_month|         ingested_at|
+--------------------+----------+---------+--------------------+--------------------+--------------------+----------+---------------------+-----------------+------------------+--------------------+
|d098a36d-520c-42b...|     Brian|   Wilson|001-341-832-0490x...|Brian.Wilson@hotm...|USCGC Hodges\nFPO...|2015-11-23| 2021-01-07 14:40:...|             2021|               Jan|2024-08-13 16:19:...|
|923b8c3f-994d-44d...|     Tammy|    Allen|        363.351.6144|Tammy.Allen@yahoo...|34939 Joseph Ridg...|2008-10-18| 2021-09-27 06:22:...|             2021|               Sep|2024-08-13 16:19:...|
|c8a8bffa-a245-4e6...|    Nicole|     Cole|   (954)232-5434x374|Nicole.Cole@gmail...|7078 Jennifer Exp...|2021-09-05| 2020-12-27 20:24:...|             2020|               Dec|2024-08-13 16:19:...|
+--------------------+----------+---------+--------------------+--------------------+--------------------+----------+---------------------+-----------------+------------------+--------------------+



Table: silver_fraud_transactions
+--------------+----------+---------+-----------+------------------+--------------------+----------------+--------------------+---------+-----------+
|transaction_id|labeled_at|sender_id|receiver_id|transaction_amount|transaction_datetime|transaction_type|transaction_location|device_id|ingested_at|
+--------------+----------+---------+-----------+------------------+--------------------+----------------+--------------------+---------+-----------+
+--------------+----------+---------+-----------+------------------+--------------------+----------------+--------------------+---------+-----------+



Table: silver_transactions
+--------------------+--------------------+--------------------+------------------+--------------------+--------------------+----------------+-----------------+----------------+----------------+----------------+--------------------+--------------------+
|      transaction_id|           sender_id|         receiver_id|transaction_amount|transaction_currency|transaction_datetime|transaction_date|transaction_month|transaction_time|transaction_hour|transaction_type|transaction_location|           device_id|
+--------------------+--------------------+--------------------+------------------+--------------------+--------------------+----------------+-----------------+----------------+----------------+----------------+--------------------+--------------------+
|599c0e34-ec56-416...|c8a8bffa-a245-4e6...|5e1e3bbf-0112-4d3...|              56.0|                 USD|2024-03-22 04:35:...|      2024-03-22|              Mar|        04:35:44|               4|        transfer|        New Ryanland|6e15539a-0fb0-420...|
|c63949fb-004c-4e1...|923b8c3f-994d-44d...|c8a8bffa-a245-4e6...|              15.0|                 USD|2024-03-10 05:24:...|      2024-03-10|              Mar|        05:24:46|               5|        transfer|         Lesliemouth|a8101eb0-56de-4e1...|
|db28d7c8-a356-4e9...|0bf8cc01-2caa-49d...|c8a8bffa-a245-4e6...|              19.0|                 USD|2024-04-26 09:48:...|      2024-04-26|              Apr|        09:48:22|               9|        transfer|       Andersonmouth|29107b02-6097-4c6...|
|90e9ebec-52ee-4a7...|d098a36d-520c-42b...|c8a8bffa-a245-4e6...|              61.0|                 USD|2024-05-01 04:18:...|      2024-05-01|              May|        04:18:31|               4|        purchase|       Lake Danielle|f7d3042b-bb35-4b0...|
|5b8a25c2-7a5c-44a...|c8a8bffa-a245-4e6...|923b8c3f-994d-44d...|              48.0|                 USD|2024-08-06 10:30:...|      2024-08-06|              Aug|        10:30:57|              10|        purchase|           Tanyaberg|0825d41e-8eda-48d...|
+--------------------+--------------------+--------------------+------------------+--------------------+--------------------+----------------+-----------------+----------------+----------------+----------------+--------------------+--------------------+

INFO:py4j.clientserver:Closing down clientserver connection
